app/build/intermediates/manifest_merge_blame_file/release/manifest-merger-blame-release-report.txt
1<?xml version="1.0" encoding="utf-8"?>
2<manifest xmlns:android="http://schemas.android.com/apk/res/android"
3    package="com.ponomarevss.myweatherapp"
4    android:versionCode="1"
5    android:versionName="1.0" >
6
7    <uses-sdk
8        android:minSdkVersion="22"
8-->src\main\AndroidManifest.xml
9        android:targetSdkVersion="29" />
9-->src\main\AndroidManifest.xml
10
11    <uses-permission android:name="android.permission.INTERNET" />
11-->src\main\AndroidManifest.xml:5:5-66
11-->src\main\AndroidManifest.xml:5:22-64
12
13    <application
13-->src\main\AndroidManifest.xml:7:5-24:19
14        android:allowBackup="true"
14-->src\main\AndroidManifest.xml:8:9-35
15        android:appComponentFactory="androidx.core.app.CoreComponentFactory"
15-->[androidx.core:core:1.1.0] AndroidManifest.xml:24:18-86
16        android:icon="@mipmap/ic_launcher"
16-->src\main\AndroidManifest.xml:9:9-43
17        android:label="@string/app_name"
17-->src\main\AndroidManifest.xml:10:9-41
18        android:roundIcon="@mipmap/ic_launcher_round"
18-->src\main\AndroidManifest.xml:11:9-54
19        android:supportsRtl="true"
19-->src\main\AndroidManifest.xml:12:9-35
20        android:theme="@style/Theme.AppCompat.DayNight.NoActionBar" >
20-->src\main\AndroidManifest.xml:13:9-68
21        <activity
21-->src\main\AndroidManifest.xml:14:9-23:20
22            android:name="com.ponomarevss.myweatherapp.MainActivity"
22-->src\main\AndroidManifest.xml:15:13-41
23            android:screenOrientation="portrait" >
23-->src\main\AndroidManifest.xml:16:13-49
24            <intent-filter>
24-->src\main\AndroidManifest.xml:18:13-22:29
25                <action android:name="android.intent.action.MAIN" />
25-->src\main\AndroidManifest.xml:19:17-69
25-->src\main\AndroidManifest.xml:19:25-66
26
27                <category android:name="android.intent.category.LAUNCHER" />
27-->src\main\AndroidManifest.xml:21:17-77
27-->src\main\AndroidManifest.xml:21:27-74
28            </intent-filter>
29        </activity>
30    </application>
31
32</manifest>